# JRE version: OpenJDK Runtime Environment (8.0_232-b09) (build 1.8.0_232-8u232-b09-0ubuntu1~19.04.1-b09)
# Java VM: OpenJDK 64-Bit Server VM (25.232-b09 mixed mode linux-amd64 compressed oops)
Heap:
 garbage-first heap   total 266240K, used 234544K [0x00000000c0000000, 0x00000000c0100820, 0x0000000100000000)
  region size 1024K, 35 young (35840K), 3 survivors (3072K)
 Metaspace       used 176984K, capacity 195302K, committed 195532K, reserved 1220608K
  class space    used 20172K, capacity 25011K, committed 25036K, reserved 1048576K
GC Heap History (10 events):
Event: 24159.669 GC heap before
{Heap before GC invocations=843 (full 0):
 garbage-first heap   total 266240K, used 236521K [0x00000000c0000000, 0x00000000c0100820, 0x0000000100000000)
  region size 1024K, 37 young (37888K), 1 survivors (1024K)
 Metaspace       used 176759K, capacity 195036K, committed 195276K, reserved 1220608K
  class space    used 20150K, capacity 24972K, committed 25036K, reserved 1048576K
Event: 24159.681 GC heap after
Heap after GC invocations=844 (full 0):
 garbage-first heap   total 266240K, used 199437K [0x00000000c0000000, 0x00000000c0100820, 0x0000000100000000)
  region size 1024K, 1 young (1024K), 1 survivors (1024K)
 Metaspace       used 176759K, capacity 195036K, committed 195276K, reserved 1220608K
  class space    used 20150K, capacity 24972K, committed 25036K, reserved 1048576K
}
Event: 24162.932 GC heap before
{Heap before GC invocations=844 (full 0):
 garbage-first heap   total 266240K, used 228109K [0x00000000c0000000, 0x00000000c0100820, 0x0000000100000000)
  region size 1024K, 30 young (30720K), 1 survivors (1024K)
 Metaspace       used 176775K, capacity 195036K, committed 195276K, reserved 1220608K
  class space    used 20150K, capacity 24972K, committed 25036K, reserved 1048576K
Event: 24162.944 GC heap after
Heap after GC invocations=845 (full 0):
 garbage-first heap   total 266240K, used 199835K [0x00000000c0000000, 0x00000000c0100820, 0x0000000100000000)
  region size 1024K, 1 young (1024K), 1 survivors (1024K)
 Metaspace       used 176775K, capacity 195036K, committed 195276K, reserved 1220608K
  class space    used 20150K, capacity 24972K, committed 25036K, reserved 1048576K
}
Event: 24167.310 GC heap before
{Heap before GC invocations=846 (full 0):
 garbage-first heap   total 266240K, used 237979K [0x00000000c0000000, 0x00000000c0100820, 0x0000000100000000)
  region size 1024K, 37 young (37888K), 1 survivors (1024K)
 Metaspace       used 176791K, capacity 195054K, committed 195276K, reserved 1220608K
  class space    used 20151K, capacity 24975K, committed 25036K, reserved 1048576K
Event: 24167.322 GC heap after
Heap after GC invocations=847 (full 0):
 garbage-first heap   total 266240K, used 199577K [0x00000000c0000000, 0x00000000c0100820, 0x0000000100000000)
  region size 1024K, 1 young (1024K), 1 survivors (1024K)
 Metaspace       used 176791K, capacity 195054K, committed 195276K, reserved 1220608K
  class space    used 20151K, capacity 24975K, committed 25036K, reserved 1048576K
}
Event: 24172.080 GC heap before
{Heap before GC invocations=847 (full 0):
 garbage-first heap   total 266240K, used 236441K [0x00000000c0000000, 0x00000000c0100820, 0x0000000100000000)
  region size 1024K, 37 young (37888K), 1 survivors (1024K)
 Metaspace       used 176791K, capacity 195054K, committed 195276K, reserved 1220608K
  class space    used 20151K, capacity 24975K, committed 25036K, reserved 1048576K
Event: 24172.102 GC heap after
Heap after GC invocations=848 (full 0):
 garbage-first heap   total 266240K, used 199517K [0x00000000c0000000, 0x00000000c0100820, 0x0000000100000000)
  region size 1024K, 1 young (1024K), 1 survivors (1024K)
 Metaspace       used 176791K, capacity 195054K, committed 195276K, reserved 1220608K
  class space    used 20151K, capacity 24975K, committed 25036K, reserved 1048576K
}
Event: 24176.754 GC heap before
{Heap before GC invocations=848 (full 0):
 garbage-first heap   total 266240K, used 236381K [0x00000000c0000000, 0x00000000c0100820, 0x0000000100000000)
  region size 1024K, 37 young (37888K), 1 survivors (1024K)
 Metaspace       used 176878K, capacity 195182K, committed 195532K, reserved 1220608K
  class space    used 20156K, capacity 24975K, committed 25036K, reserved 1048576K
Event: 24176.769 GC heap after
Heap after GC invocations=849 (full 0):
 garbage-first heap   total 266240K, used 201776K [0x00000000c0000000, 0x00000000c0100820, 0x0000000100000000)
  region size 1024K, 3 young (3072K), 3 survivors (3072K)
 Metaspace       used 176878K, capacity 195182K, committed 195532K, reserved 1220608K
  class space    used 20156K, capacity 24975K, committed 25036K, reserved 1048576K
}

